[35m[Appium][39m Welcome to Appium v1.22.3
[35m[Appium][39m Non-default server args:
[35m[Appium][39m   port: 60303
[35m[Appium][39m   loglevel: info
[35m[Appium][39m   tmpDir: C:\Users\monsh\AppData\Local\Temp\\Katalon\Appium\Temp1688388439922
[35m[Appium][39m   chromedriverPort: 60304
[35m[Appium][39m Deprecated server args:
[35m[Appium][39m   [31m--chromedriver-port[39m => --default-capabilities
[35m[Appium][39m Default capabilities, which will be added to each request unless overridden by desired capabilities:
[35m[Appium][39m   chromedriverPort: 60304
[35m[Appium][39m Appium REST http interface listener started on 0.0.0.0:60303
[35m[HTTP][39m [37m-->[39m [37mGET[39m [37m/wd/hub/status[39m
[35m[HTTP][39m [90m{}[39m
[35m[HTTP][39m [37m<-- GET /wd/hub/status [39m[32m200[39m [90m5 ms - 68[39m
[35m[HTTP][39m [90m[39m
[35m[HTTP][39m [37m-->[39m [37mGET[39m [37m/wd/hub/status[39m
[35m[HTTP][39m [90m{}[39m
[35m[HTTP][39m [37m<-- GET /wd/hub/status [39m[32m200[39m [90m1 ms - 68[39m
[35m[HTTP][39m [90m[39m
[35m[HTTP][39m [37m-->[39m [37mPOST[39m [37m/wd/hub/session[39m
[35m[HTTP][39m [90m{"desiredCapabilities":{"app":"C:\\Users\\monsh\\Documents\\Mes setups\\APK\\occazio.apk","noReset":true,"deviceName":"emulator-5554 (Android SDK built for x86 - Android 10)","fullReset":false,"platform":"ANDROID","newCommandTimeout":1800,"platformVersion":"10","automationName":"uiautomator2","autoGrantPermissions":true,"platformName":"Android","udid":"emulator-5554","systemPort":60309},"capabilities":{"firstMatch":[{"appium:app":"C:\\Users\\monsh\\Documents\\Mes setups\\APK\\occazio.apk","appium:autoGrantPermissions":true,"appium:automationName":"uiautomator2","appium:deviceName":"emulator-5554 (Android SDK built for x86 - Android 10)","appium:fullReset":false,"appium:newCommandTimeout":1800,"appium:noReset":true,"platform":"ANDROID","platformName":"android","appium:platformVersion":"10","appium:systemPort":60309,"appium:udid":"emulator-5554"}]}}[39m
[35m[BaseDriver][39m The following capabilities are not standard capabilities and should have an extension prefix:
[35m[BaseDriver][39m   platform
[35m[BaseDriver][39m   chromedriverPort
[35m[Appium][39m Appium v1.22.3 creating new AndroidUiautomator2Driver (v1.70.1) session
[35m[BaseDriver][39m The following capabilities were provided, but are not recognized by Appium:
[35m[BaseDriver][39m   platform
[35m[BaseDriver][39m Session created with session id: 4ab3844d-365b-40f7-86b3-da50139e8acf
[35m[BaseDriver][39m Using local app 'C:\Users\monsh\Documents\Mes setups\APK\occazio.apk'
[35m[ADB][39m Found 1 'build-tools' folders under 'C:\Users\monsh\AppData\Local\Android\Sdk' (newest first):
[35m[ADB][39m     C:/Users/monsh/AppData/Local/Android/Sdk/build-tools/34.0.0
[35m[ADB][39m Using 'adb.exe' from 'C:\Users\monsh\AppData\Local\Android\Sdk\platform-tools\adb.exe'
[35m[AndroidDriver][39m Retrieving device list
[35m[AndroidDriver][39m Using device: emulator-5554
[35m[ADB][39m Using 'adb.exe' from 'C:\Users\monsh\AppData\Local\Android\Sdk\platform-tools\adb.exe'
[35m[ADB][39m Getting device platform version
[35m[UiAutomator2][39m Relaxing hidden api policy
[35m[ADB][39m Package name: 'fr.dsquad.occazio'
[35m[ADB][39m Main activity name: 'fr.dsquad.occazio.view.home.SplashScreenActivity'
[35m[ADB][39m Using 'apksigner.jar' from 'C:\Users\monsh\AppData\Local\Android\Sdk\build-tools\34.0.0\lib\apksigner.jar'
[35m[ADB][39m 'C:\Users\monsh\AppData\Roaming\npm\node_modules\appium\node_modules\appium-uiautomator2-server\apks\appium-uiautomator2-server-v4.27.0.apk' is signed with the default certificate
[35m[ADB][39m 'C:\Users\monsh\AppData\Roaming\npm\node_modules\appium\node_modules\appium-uiautomator2-server\apks\appium-uiautomator2-server-debug-androidTest.apk' is signed with the default certificate
[35m[UiAutomator2][39m Server packages are not going to be (re)installed
[35m[ADB][39m Adding packages ["io.appium.settings","io.appium.uiautomator2.server","io.appium.uiautomator2.server.test"] to Doze whitelist
[35m[ADB][39m 'C:\Users\monsh\Documents\Mes setups\APK\occazio.apk' is signed with a non-default certificate
[35m[ADB][39m The application at 'C:\Users\monsh\Documents\Mes setups\APK\occazio.apk' will not be cached, because the device under test has confirmed the support of streamed installs
[35m[ADB][39m The installation of 'occazio.apk' took 3902ms
[35m[UiAutomator2][39m Starting UIAutomator2 server 4.27.0
[35m[UiAutomator2][39m Using UIAutomator2 server from 'C:\Users\monsh\AppData\Roaming\npm\node_modules\appium\node_modules\appium-uiautomator2-server\apks\appium-uiautomator2-server-v4.27.0.apk' and test from 'C:\Users\monsh\AppData\Roaming\npm\node_modules\appium\node_modules\appium-uiautomator2-server\apks\appium-uiautomator2-server-debug-androidTest.apk'
[35m[UiAutomator2][39m Waiting up to 30000ms for UiAutomator2 to be online...
[35m[WD Proxy][39m socket hang up
[35m[WD Proxy][39m socket hang up
[35m[WD Proxy][39m socket hang up
[35m[WD Proxy][39m Determined the downstream protocol as 'W3C'
[35m[AndroidDriver][39m Screen already unlocked, doing nothing
[35m[UiAutomator2][39m Starting 'fr.dsquad.occazio/fr.dsquad.occazio.view.home.SplashScreenActivity and waiting for 'fr.dsquad.occazio/fr.dsquad.occazio.view.home.SplashScreenActivity'
[35m[Appium][39m New AndroidUiautomator2Driver session created successfully, session 4ab3844d-365b-40f7-86b3-da50139e8acf added to master session list
[35m[HTTP][39m [37m<-- POST /wd/hub/session [39m[32m200[39m [90m13025 ms - 1315[39m
[35m[HTTP][39m [90m[39m
[35m[HTTP][39m [37m-->[39m [37mGET[39m [37m/wd/hub/session/4ab3844d-365b-40f7-86b3-da50139e8acf[39m
[35m[HTTP][39m [90m{}[39m
[35m[HTTP][39m [37m<-- GET /wd/hub/session/4ab3844d-365b-40f7-86b3-da50139e8acf [39m[32m200[39m [90m18 ms - 1269[39m
[35m[HTTP][39m [90m[39m
[35m[HTTP][39m [37m-->[39m [37mGET[39m [37m/wd/hub/session/4ab3844d-365b-40f7-86b3-da50139e8acf[39m
[35m[HTTP][39m [90m{}[39m
[35m[HTTP][39m [37m<-- GET /wd/hub/session/4ab3844d-365b-40f7-86b3-da50139e8acf [39m[32m200[39m [90m11 ms - 1269[39m
[35m[HTTP][39m [90m[39m
[35m[HTTP][39m [37m-->[39m [37mGET[39m [37m/wd/hub/status[39m
[35m[HTTP][39m [90m{}[39m
[35m[HTTP][39m [37m<-- GET /wd/hub/status [39m[32m200[39m [90m1 ms - 68[39m
[35m[HTTP][39m [90m[39m
[35m[HTTP][39m [37m-->[39m [37mPOST[39m [37m/wd/hub/session/4ab3844d-365b-40f7-86b3-da50139e8acf/timeouts[39m
[35m[HTTP][39m [90m{"implicit":60000}[39m
[35m[HTTP][39m [37m<-- POST /wd/hub/session/4ab3844d-365b-40f7-86b3-da50139e8acf/timeouts [39m[32m200[39m [90m3 ms - 14[39m
[35m[HTTP][39m [90m[39m
[35m[HTTP][39m [37m-->[39m [37mGET[39m [37m/wd/hub/session/4ab3844d-365b-40f7-86b3-da50139e8acf/source[39m
[35m[HTTP][39m [90m{}[39m
[35m[W3C (4ab3844d)][39m Driver proxy active, passing request on via HTTP proxy
[35m[WD Proxy][39m Replacing sessionId dca456b5-0b62-4938-8139-df1436f52f29 with 4ab3844d-365b-40f7-86b3-da50139e8acf
[35m[HTTP][39m [37m<-- GET /wd/hub/session/4ab3844d-365b-40f7-86b3-da50139e8acf/source [39m[32m200[39m [90m265 ms - 4160[39m
[35m[HTTP][39m [90m[39m
[35m[HTTP][39m [37m-->[39m [37mGET[39m [37m/wd/hub/session/4ab3844d-365b-40f7-86b3-da50139e8acf/screenshot[39m
[35m[HTTP][39m [90m{}[39m
[35m[HTTP][39m [37m<-- GET /wd/hub/session/4ab3844d-365b-40f7-86b3-da50139e8acf/screenshot [39m[32m200[39m [90m847 ms - 1658448[39m
[35m[HTTP][39m [90m[39m
[35m[HTTP][39m [37m-->[39m [37mGET[39m [37m/wd/hub/session/4ab3844d-365b-40f7-86b3-da50139e8acf/context[39m
[35m[HTTP][39m [90m{}[39m
[35m[HTTP][39m [37m<-- GET /wd/hub/session/4ab3844d-365b-40f7-86b3-da50139e8acf/context [39m[32m200[39m [90m4 ms - 22[39m
[35m[HTTP][39m [90m[39m
[35m[HTTP][39m [37m-->[39m [37mGET[39m [37m/wd/hub/session/4ab3844d-365b-40f7-86b3-da50139e8acf/contexts[39m
[35m[HTTP][39m [90m{}[39m
[35m[HTTP][39m [37m<-- GET /wd/hub/session/4ab3844d-365b-40f7-86b3-da50139e8acf/contexts [39m[32m200[39m [90m56 ms - 24[39m
[35m[HTTP][39m [90m[39m
[35m[HTTP][39m [37m-->[39m [37mPOST[39m [37m/wd/hub/session/4ab3844d-365b-40f7-86b3-da50139e8acf/context[39m
[35m[HTTP][39m [90m{"name":"NATIVE_APP"}[39m
[35m[HTTP][39m [37m<-- POST /wd/hub/session/4ab3844d-365b-40f7-86b3-da50139e8acf/context [39m[32m200[39m [90m2 ms - 14[39m
[35m[HTTP][39m [90m[39m
[35m[HTTP][39m [37m-->[39m [37mPOST[39m [37m/wd/hub/session/4ab3844d-365b-40f7-86b3-da50139e8acf/appium/device/press_keycode[39m
[35m[HTTP][39m [90m{"keycode":4}[39m
[35m[HTTP][39m [37m<-- POST /wd/hub/session/4ab3844d-365b-40f7-86b3-da50139e8acf/appium/device/press_keycode [39m[32m200[39m [90m67 ms - 14[39m
[35m[HTTP][39m [90m[39m
[35m[HTTP][39m [37m-->[39m [37mPOST[39m [37m/wd/hub/session/4ab3844d-365b-40f7-86b3-da50139e8acf/context[39m
[35m[HTTP][39m [90m{"name":"NATIVE_APP"}[39m
[35m[HTTP][39m [37m<-- POST /wd/hub/session/4ab3844d-365b-40f7-86b3-da50139e8acf/context [39m[32m200[39m [90m2 ms - 14[39m
[35m[HTTP][39m [90m[39m
[35m[HTTP][39m [37m-->[39m [37mGET[39m [37m/wd/hub/session/4ab3844d-365b-40f7-86b3-da50139e8acf/source[39m
[35m[HTTP][39m [90m{}[39m
[35m[W3C (4ab3844d)][39m Driver proxy active, passing request on via HTTP proxy
[35m[WD Proxy][39m Replacing sessionId dca456b5-0b62-4938-8139-df1436f52f29 with 4ab3844d-365b-40f7-86b3-da50139e8acf
[35m[HTTP][39m [37m<-- GET /wd/hub/session/4ab3844d-365b-40f7-86b3-da50139e8acf/source [39m[32m200[39m [90m84 ms - 6392[39m
[35m[HTTP][39m [90m[39m
[35m[HTTP][39m [37m-->[39m [37mGET[39m [37m/wd/hub/session/4ab3844d-365b-40f7-86b3-da50139e8acf/screenshot[39m
[35m[HTTP][39m [90m{}[39m
[35m[HTTP][39m [37m<-- GET /wd/hub/session/4ab3844d-365b-40f7-86b3-da50139e8acf/screenshot [39m[32m200[39m [90m212 ms - 139940[39m
[35m[HTTP][39m [90m[39m
[35m[HTTP][39m [37m-->[39m [37mPOST[39m [37m/wd/hub/session/4ab3844d-365b-40f7-86b3-da50139e8acf/elements[39m
[35m[HTTP][39m [90m{"using":"xpath","value":"//*[@class = 'android.widget.Button' and (@text = 'DÉMARRER' or . = 'DÉMARRER') and @resource-id = 'fr.dsquad.occazio:id/bt_start_showcase']"}[39m
[35m[HTTP][39m [37m<-- POST /wd/hub/session/4ab3844d-365b-40f7-86b3-da50139e8acf/elements [39m[32m200[39m [90m299 ms - 139[39m
[35m[HTTP][39m [90m[39m
[35m[HTTP][39m [37m-->[39m [37mGET[39m [37m/wd/hub/session/4ab3844d-365b-40f7-86b3-da50139e8acf/window/rect[39m
[35m[HTTP][39m [90m{}[39m
[35m[HTTP][39m [37m<-- GET /wd/hub/session/4ab3844d-365b-40f7-86b3-da50139e8acf/window/rect [39m[32m200[39m [90m8 ms - 50[39m
[35m[HTTP][39m [90m[39m
[35m[HTTP][39m [37m-->[39m [37mPOST[39m [37m/wd/hub/session/4ab3844d-365b-40f7-86b3-da50139e8acf/elements[39m
[35m[HTTP][39m [90m{"using":"xpath","value":"//*[@class = 'android.widget.Button' and (@text = 'DÉMARRER' or . = 'DÉMARRER') and @resource-id = 'fr.dsquad.occazio:id/bt_start_showcase']"}[39m
[35m[HTTP][39m [37m<-- POST /wd/hub/session/4ab3844d-365b-40f7-86b3-da50139e8acf/elements [39m[32m200[39m [90m38 ms - 139[39m
[35m[HTTP][39m [90m[39m
[35m[HTTP][39m [37m-->[39m [37mGET[39m [37m/wd/hub/session/4ab3844d-365b-40f7-86b3-da50139e8acf/element/00000000-0000-0139-ffff-ffff0000006c/location[39m
[35m[HTTP][39m [90m{}[39m
[35m[W3C (4ab3844d)][39m Driver proxy active, passing request on via HTTP proxy
[35m[WD Proxy][39m Replacing sessionId dca456b5-0b62-4938-8139-df1436f52f29 with 4ab3844d-365b-40f7-86b3-da50139e8acf
[35m[HTTP][39m [37m<-- GET /wd/hub/session/4ab3844d-365b-40f7-86b3-da50139e8acf/element/00000000-0000-0139-ffff-ffff0000006c/location [39m[32m200[39m [90m12 ms - 78[39m
[35m[HTTP][39m [90m[39m
[35m[HTTP][39m [37m-->[39m [37mPOST[39m [37m/wd/hub/session/4ab3844d-365b-40f7-86b3-da50139e8acf/element/00000000-0000-0139-ffff-ffff0000006c/click[39m
[35m[HTTP][39m [90m{"id":"00000000-0000-0139-ffff-ffff0000006c"}[39m
[35m[HTTP][39m [37m<-- POST /wd/hub/session/4ab3844d-365b-40f7-86b3-da50139e8acf/element/00000000-0000-0139-ffff-ffff0000006c/click [39m[32m200[39m [90m47 ms - 14[39m
[35m[HTTP][39m [90m[39m
[35m[HTTP][39m [37m-->[39m [37mGET[39m [37m/wd/hub/session/4ab3844d-365b-40f7-86b3-da50139e8acf/source[39m
[35m[HTTP][39m [90m{}[39m
[35m[W3C (4ab3844d)][39m Driver proxy active, passing request on via HTTP proxy
[35m[WD Proxy][39m Replacing sessionId dca456b5-0b62-4938-8139-df1436f52f29 with 4ab3844d-365b-40f7-86b3-da50139e8acf
[35m[HTTP][39m [37m<-- GET /wd/hub/session/4ab3844d-365b-40f7-86b3-da50139e8acf/source [39m[32m200[39m [90m203 ms - 8042[39m
[35m[HTTP][39m [90m[39m
[35m[HTTP][39m [37m-->[39m [37mGET[39m [37m/wd/hub/session/4ab3844d-365b-40f7-86b3-da50139e8acf/screenshot[39m
[35m[HTTP][39m [90m{}[39m
[35m[HTTP][39m [37m<-- GET /wd/hub/session/4ab3844d-365b-40f7-86b3-da50139e8acf/screenshot [39m[32m200[39m [90m225 ms - 298670[39m
[35m[HTTP][39m [90m[39m
[35m[HTTP][39m [37m-->[39m [37mGET[39m [37m/wd/hub/session/4ab3844d-365b-40f7-86b3-da50139e8acf/context[39m
[35m[HTTP][39m [90m{}[39m
[35m[HTTP][39m [37m<-- GET /wd/hub/session/4ab3844d-365b-40f7-86b3-da50139e8acf/context [39m[32m200[39m [90m1 ms - 22[39m
[35m[HTTP][39m [90m[39m
[35m[HTTP][39m [37m-->[39m [37mGET[39m [37m/wd/hub/session/4ab3844d-365b-40f7-86b3-da50139e8acf/contexts[39m
[35m[HTTP][39m [90m{}[39m
[35m[HTTP][39m [37m<-- GET /wd/hub/session/4ab3844d-365b-40f7-86b3-da50139e8acf/contexts [39m[32m200[39m [90m47 ms - 24[39m
[35m[HTTP][39m [90m[39m
[35m[HTTP][39m [37m-->[39m [37mPOST[39m [37m/wd/hub/session/4ab3844d-365b-40f7-86b3-da50139e8acf/context[39m
[35m[HTTP][39m [90m{"name":"NATIVE_APP"}[39m
[35m[HTTP][39m [37m<-- POST /wd/hub/session/4ab3844d-365b-40f7-86b3-da50139e8acf/context [39m[32m200[39m [90m1 ms - 14[39m
[35m[HTTP][39m [90m[39m
[35m[HTTP][39m [37m-->[39m [37mPOST[39m [37m/wd/hub/session/4ab3844d-365b-40f7-86b3-da50139e8acf/touch/perform[39m
[35m[HTTP][39m [90m{"actions":[{"action":"press","options":{"x":950,"y":950}},{"action":"wait","options":{"ms":500}},{"action":"moveTo","options":{"x":100,"y":950}},{"action":"release","options":{}}]}[39m
[35m[HTTP][39m [37m<-- POST /wd/hub/session/4ab3844d-365b-40f7-86b3-da50139e8acf/touch/perform [39m[32m200[39m [90m1150 ms - 14[39m
[35m[HTTP][39m [90m[39m
[35m[HTTP][39m [37m-->[39m [37mPOST[39m [37m/wd/hub/session/4ab3844d-365b-40f7-86b3-da50139e8acf/context[39m
[35m[HTTP][39m [90m{"name":"NATIVE_APP"}[39m
[35m[HTTP][39m [37m<-- POST /wd/hub/session/4ab3844d-365b-40f7-86b3-da50139e8acf/context [39m[32m200[39m [90m1 ms - 14[39m
[35m[HTTP][39m [90m[39m
[35m[HTTP][39m [37m-->[39m [37mGET[39m [37m/wd/hub/session/4ab3844d-365b-40f7-86b3-da50139e8acf/source[39m
[35m[HTTP][39m [90m{}[39m
[35m[W3C (4ab3844d)][39m Driver proxy active, passing request on via HTTP proxy
[35m[WD Proxy][39m Replacing sessionId dca456b5-0b62-4938-8139-df1436f52f29 with 4ab3844d-365b-40f7-86b3-da50139e8acf
[35m[HTTP][39m [37m<-- GET /wd/hub/session/4ab3844d-365b-40f7-86b3-da50139e8acf/source [39m[32m200[39m [90m100 ms - 8022[39m
[35m[HTTP][39m [90m[39m
[35m[HTTP][39m [37m-->[39m [37mGET[39m [37m/wd/hub/session/4ab3844d-365b-40f7-86b3-da50139e8acf/screenshot[39m
[35m[HTTP][39m [90m{}[39m
[35m[HTTP][39m [37m<-- GET /wd/hub/session/4ab3844d-365b-40f7-86b3-da50139e8acf/screenshot [39m[32m200[39m [90m325 ms - 208506[39m
[35m[HTTP][39m [90m[39m
[35m[HTTP][39m [37m-->[39m [37mGET[39m [37m/wd/hub/session/4ab3844d-365b-40f7-86b3-da50139e8acf/context[39m
[35m[HTTP][39m [90m{}[39m
[35m[HTTP][39m [37m<-- GET /wd/hub/session/4ab3844d-365b-40f7-86b3-da50139e8acf/context [39m[32m200[39m [90m1 ms - 22[39m
[35m[HTTP][39m [90m[39m
[35m[HTTP][39m [37m-->[39m [37mGET[39m [37m/wd/hub/session/4ab3844d-365b-40f7-86b3-da50139e8acf/contexts[39m
[35m[HTTP][39m [90m{}[39m
[35m[HTTP][39m [37m<-- GET /wd/hub/session/4ab3844d-365b-40f7-86b3-da50139e8acf/contexts [39m[32m200[39m [90m50 ms - 24[39m
[35m[HTTP][39m [90m[39m
[35m[HTTP][39m [37m-->[39m [37mPOST[39m [37m/wd/hub/session/4ab3844d-365b-40f7-86b3-da50139e8acf/context[39m
[35m[HTTP][39m [90m{"name":"NATIVE_APP"}[39m
[35m[HTTP][39m [37m<-- POST /wd/hub/session/4ab3844d-365b-40f7-86b3-da50139e8acf/context [39m[32m200[39m [90m1 ms - 14[39m
[35m[HTTP][39m [90m[39m
[35m[HTTP][39m [37m-->[39m [37mPOST[39m [37m/wd/hub/session/4ab3844d-365b-40f7-86b3-da50139e8acf/touch/perform[39m
[35m[HTTP][39m [90m{"actions":[{"action":"press","options":{"x":950,"y":950}},{"action":"wait","options":{"ms":500}},{"action":"moveTo","options":{"x":100,"y":950}},{"action":"release","options":{}}]}[39m
[35m[HTTP][39m [37m<-- POST /wd/hub/session/4ab3844d-365b-40f7-86b3-da50139e8acf/touch/perform [39m[32m200[39m [90m1137 ms - 14[39m
[35m[HTTP][39m [90m[39m
[35m[HTTP][39m [37m-->[39m [37mPOST[39m [37m/wd/hub/session/4ab3844d-365b-40f7-86b3-da50139e8acf/context[39m
[35m[HTTP][39m [90m{"name":"NATIVE_APP"}[39m
[35m[HTTP][39m [37m<-- POST /wd/hub/session/4ab3844d-365b-40f7-86b3-da50139e8acf/context [39m[32m200[39m [90m1 ms - 14[39m
[35m[HTTP][39m [90m[39m
[35m[HTTP][39m [37m-->[39m [37mGET[39m [37m/wd/hub/session/4ab3844d-365b-40f7-86b3-da50139e8acf/source[39m
[35m[HTTP][39m [90m{}[39m
[35m[W3C (4ab3844d)][39m Driver proxy active, passing request on via HTTP proxy
[35m[WD Proxy][39m Replacing sessionId dca456b5-0b62-4938-8139-df1436f52f29 with 4ab3844d-365b-40f7-86b3-da50139e8acf
[35m[HTTP][39m [37m<-- GET /wd/hub/session/4ab3844d-365b-40f7-86b3-da50139e8acf/source [39m[32m200[39m [90m37 ms - 8032[39m
[35m[HTTP][39m [90m[39m
[35m[HTTP][39m [37m-->[39m [37mGET[39m [37m/wd/hub/session/4ab3844d-365b-40f7-86b3-da50139e8acf/screenshot[39m
[35m[HTTP][39m [90m{}[39m
[35m[HTTP][39m [37m<-- GET /wd/hub/session/4ab3844d-365b-40f7-86b3-da50139e8acf/screenshot [39m[32m200[39m [90m229 ms - 284024[39m
[35m[HTTP][39m [90m[39m
[35m[HTTP][39m [37m-->[39m [37mGET[39m [37m/wd/hub/session/4ab3844d-365b-40f7-86b3-da50139e8acf/context[39m
[35m[HTTP][39m [90m{}[39m
[35m[HTTP][39m [37m<-- GET /wd/hub/session/4ab3844d-365b-40f7-86b3-da50139e8acf/context [39m[32m200[39m [90m1 ms - 22[39m
[35m[HTTP][39m [90m[39m
[35m[HTTP][39m [37m-->[39m [37mGET[39m [37m/wd/hub/session/4ab3844d-365b-40f7-86b3-da50139e8acf/contexts[39m
[35m[HTTP][39m [90m{}[39m
[35m[HTTP][39m [37m<-- GET /wd/hub/session/4ab3844d-365b-40f7-86b3-da50139e8acf/contexts [39m[32m200[39m [90m51 ms - 24[39m
[35m[HTTP][39m [90m[39m
[35m[HTTP][39m [37m-->[39m [37mPOST[39m [37m/wd/hub/session/4ab3844d-365b-40f7-86b3-da50139e8acf/context[39m
[35m[HTTP][39m [90m{"name":"NATIVE_APP"}[39m
[35m[HTTP][39m [37m<-- POST /wd/hub/session/4ab3844d-365b-40f7-86b3-da50139e8acf/context [39m[32m200[39m [90m1 ms - 14[39m
[35m[HTTP][39m [90m[39m
[35m[HTTP][39m [37m-->[39m [37mPOST[39m [37m/wd/hub/session/4ab3844d-365b-40f7-86b3-da50139e8acf/touch/perform[39m
[35m[HTTP][39m [90m{"actions":[{"action":"press","options":{"x":950,"y":950}},{"action":"wait","options":{"ms":500}},{"action":"moveTo","options":{"x":100,"y":950}},{"action":"release","options":{}}]}[39m
[35m[HTTP][39m [37m<-- POST /wd/hub/session/4ab3844d-365b-40f7-86b3-da50139e8acf/touch/perform [39m[32m200[39m [90m1111 ms - 14[39m
[35m[HTTP][39m [90m[39m
[35m[HTTP][39m [37m-->[39m [37mPOST[39m [37m/wd/hub/session/4ab3844d-365b-40f7-86b3-da50139e8acf/context[39m
[35m[HTTP][39m [90m{"name":"NATIVE_APP"}[39m
[35m[HTTP][39m [37m<-- POST /wd/hub/session/4ab3844d-365b-40f7-86b3-da50139e8acf/context [39m[32m200[39m [90m1 ms - 14[39m
[35m[HTTP][39m [90m[39m
[35m[HTTP][39m [37m-->[39m [37mGET[39m [37m/wd/hub/session/4ab3844d-365b-40f7-86b3-da50139e8acf/source[39m
[35m[HTTP][39m [90m{}[39m
[35m[W3C (4ab3844d)][39m Driver proxy active, passing request on via HTTP proxy
[35m[WD Proxy][39m Replacing sessionId dca456b5-0b62-4938-8139-df1436f52f29 with 4ab3844d-365b-40f7-86b3-da50139e8acf
[35m[HTTP][39m [37m<-- GET /wd/hub/session/4ab3844d-365b-40f7-86b3-da50139e8acf/source [39m[32m200[39m [90m58 ms - 8040[39m
[35m[HTTP][39m [90m[39m
[35m[HTTP][39m [37m-->[39m [37mGET[39m [37m/wd/hub/session/4ab3844d-365b-40f7-86b3-da50139e8acf/screenshot[39m
[35m[HTTP][39m [90m{}[39m
[35m[HTTP][39m [37m<-- GET /wd/hub/session/4ab3844d-365b-40f7-86b3-da50139e8acf/screenshot [39m[32m200[39m [90m217 ms - 247880[39m
[35m[HTTP][39m [90m[39m
[35m[HTTP][39m [37m-->[39m [37mGET[39m [37m/wd/hub/session/4ab3844d-365b-40f7-86b3-da50139e8acf/context[39m
[35m[HTTP][39m [90m{}[39m
[35m[HTTP][39m [37m<-- GET /wd/hub/session/4ab3844d-365b-40f7-86b3-da50139e8acf/context [39m[32m200[39m [90m1 ms - 22[39m
[35m[HTTP][39m [90m[39m
[35m[HTTP][39m [37m-->[39m [37mGET[39m [37m/wd/hub/session/4ab3844d-365b-40f7-86b3-da50139e8acf/contexts[39m
[35m[HTTP][39m [90m{}[39m
[35m[HTTP][39m [37m<-- GET /wd/hub/session/4ab3844d-365b-40f7-86b3-da50139e8acf/contexts [39m[32m200[39m [90m51 ms - 24[39m
[35m[HTTP][39m [90m[39m
[35m[HTTP][39m [37m-->[39m [37mPOST[39m [37m/wd/hub/session/4ab3844d-365b-40f7-86b3-da50139e8acf/context[39m
[35m[HTTP][39m [90m{"name":"NATIVE_APP"}[39m
[35m[HTTP][39m [37m<-- POST /wd/hub/session/4ab3844d-365b-40f7-86b3-da50139e8acf/context [39m[32m200[39m [90m1 ms - 14[39m
[35m[HTTP][39m [90m[39m
[35m[HTTP][39m [37m-->[39m [37mPOST[39m [37m/wd/hub/session/4ab3844d-365b-40f7-86b3-da50139e8acf/touch/perform[39m
[35m[HTTP][39m [90m{"actions":[{"action":"press","options":{"x":950,"y":950}},{"action":"wait","options":{"ms":500}},{"action":"moveTo","options":{"x":100,"y":950}},{"action":"release","options":{}}]}[39m
[35m[HTTP][39m [37m<-- POST /wd/hub/session/4ab3844d-365b-40f7-86b3-da50139e8acf/touch/perform [39m[32m200[39m [90m1120 ms - 14[39m
[35m[HTTP][39m [90m[39m
[35m[HTTP][39m [37m-->[39m [37mPOST[39m [37m/wd/hub/session/4ab3844d-365b-40f7-86b3-da50139e8acf/context[39m
[35m[HTTP][39m [90m{"name":"NATIVE_APP"}[39m
[35m[HTTP][39m [37m<-- POST /wd/hub/session/4ab3844d-365b-40f7-86b3-da50139e8acf/context [39m[32m200[39m [90m1 ms - 14[39m
[35m[HTTP][39m [90m[39m
[35m[HTTP][39m [37m-->[39m [37mGET[39m [37m/wd/hub/session/4ab3844d-365b-40f7-86b3-da50139e8acf/source[39m
[35m[HTTP][39m [90m{}[39m
[35m[W3C (4ab3844d)][39m Driver proxy active, passing request on via HTTP proxy
[35m[WD Proxy][39m Replacing sessionId dca456b5-0b62-4938-8139-df1436f52f29 with 4ab3844d-365b-40f7-86b3-da50139e8acf
[35m[HTTP][39m [37m<-- GET /wd/hub/session/4ab3844d-365b-40f7-86b3-da50139e8acf/source [39m[32m200[39m [90m74 ms - 12213[39m
[35m[HTTP][39m [90m[39m
[35m[HTTP][39m [37m-->[39m [37mGET[39m [37m/wd/hub/session/4ab3844d-365b-40f7-86b3-da50139e8acf/screenshot[39m
[35m[HTTP][39m [90m{}[39m
[35m[HTTP][39m [37m<-- GET /wd/hub/session/4ab3844d-365b-40f7-86b3-da50139e8acf/screenshot [39m[32m200[39m [90m389 ms - 258924[39m
[35m[HTTP][39m [90m[39m
[35m[HTTP][39m [37m-->[39m [37mPOST[39m [37m/wd/hub/session/4ab3844d-365b-40f7-86b3-da50139e8acf/elements[39m
[35m[HTTP][39m [90m{"using":"xpath","value":"//*[@class = 'android.view.View' and @resource-id = 'fr.dsquad.occazio:id/v_seekbar_overlay' and (@text = '' or . = '')]"}[39m
[35m[HTTP][39m [37m<-- POST /wd/hub/session/4ab3844d-365b-40f7-86b3-da50139e8acf/elements [39m[32m200[39m [90m40 ms - 139[39m
[35m[HTTP][39m [90m[39m
[35m[HTTP][39m [37m-->[39m [37mGET[39m [37m/wd/hub/session/4ab3844d-365b-40f7-86b3-da50139e8acf/window/rect[39m
[35m[HTTP][39m [90m{}[39m
[35m[HTTP][39m [37m<-- GET /wd/hub/session/4ab3844d-365b-40f7-86b3-da50139e8acf/window/rect [39m[32m200[39m [90m11 ms - 50[39m
[35m[HTTP][39m [90m[39m
[35m[HTTP][39m [37m-->[39m [37mPOST[39m [37m/wd/hub/session/4ab3844d-365b-40f7-86b3-da50139e8acf/elements[39m
[35m[HTTP][39m [90m{"using":"xpath","value":"//*[@class = 'android.view.View' and @resource-id = 'fr.dsquad.occazio:id/v_seekbar_overlay' and (@text = '' or . = '')]"}[39m
[35m[HTTP][39m [37m<-- POST /wd/hub/session/4ab3844d-365b-40f7-86b3-da50139e8acf/elements [39m[32m200[39m [90m46 ms - 139[39m
[35m[HTTP][39m [90m[39m
[35m[HTTP][39m [37m-->[39m [37mGET[39m [37m/wd/hub/session/4ab3844d-365b-40f7-86b3-da50139e8acf/element/00000000-0000-0139-ffff-ffff000000b9/location[39m
[35m[HTTP][39m [90m{}[39m
[35m[W3C (4ab3844d)][39m Driver proxy active, passing request on via HTTP proxy
[35m[WD Proxy][39m Replacing sessionId dca456b5-0b62-4938-8139-df1436f52f29 with 4ab3844d-365b-40f7-86b3-da50139e8acf
[35m[HTTP][39m [37m<-- GET /wd/hub/session/4ab3844d-365b-40f7-86b3-da50139e8acf/element/00000000-0000-0139-ffff-ffff000000b9/location [39m[32m200[39m [90m11 ms - 79[39m
[35m[HTTP][39m [90m[39m
[35m[HTTP][39m [37m-->[39m [37mPOST[39m [37m/wd/hub/session/4ab3844d-365b-40f7-86b3-da50139e8acf/element/00000000-0000-0139-ffff-ffff000000b9/click[39m
[35m[HTTP][39m [90m{"id":"00000000-0000-0139-ffff-ffff000000b9"}[39m
[35m[HTTP][39m [37m<-- POST /wd/hub/session/4ab3844d-365b-40f7-86b3-da50139e8acf/element/00000000-0000-0139-ffff-ffff000000b9/click [39m[32m200[39m [90m44 ms - 14[39m
[35m[HTTP][39m [90m[39m
[35m[HTTP][39m [37m-->[39m [37mGET[39m [37m/wd/hub/session/4ab3844d-365b-40f7-86b3-da50139e8acf/source[39m
[35m[HTTP][39m [90m{}[39m
[35m[W3C (4ab3844d)][39m Driver proxy active, passing request on via HTTP proxy
[35m[WD Proxy][39m Replacing sessionId dca456b5-0b62-4938-8139-df1436f52f29 with 4ab3844d-365b-40f7-86b3-da50139e8acf
[35m[HTTP][39m [37m<-- GET /wd/hub/session/4ab3844d-365b-40f7-86b3-da50139e8acf/source [39m[32m200[39m [90m213 ms - 12213[39m
[35m[HTTP][39m [90m[39m
[35m[HTTP][39m [37m-->[39m [37mGET[39m [37m/wd/hub/session/4ab3844d-365b-40f7-86b3-da50139e8acf/screenshot[39m
[35m[HTTP][39m [90m{}[39m
[35m[HTTP][39m [37m<-- GET /wd/hub/session/4ab3844d-365b-40f7-86b3-da50139e8acf/screenshot [39m[32m200[39m [90m192 ms - 278244[39m
[35m[HTTP][39m [90m[39m
[35m[HTTP][39m [37m-->[39m [37mPOST[39m [37m/wd/hub/session/4ab3844d-365b-40f7-86b3-da50139e8acf/elements[39m
[35m[HTTP][39m [90m{"using":"xpath","value":"//*[@class = 'android.widget.Button' and (@text = 'VALIDER' or . = 'VALIDER') and @resource-id = 'fr.dsquad.occazio:id/bt_stop_showcase']"}[39m
[35m[HTTP][39m [37m<-- POST /wd/hub/session/4ab3844d-365b-40f7-86b3-da50139e8acf/elements [39m[32m200[39m [90m45 ms - 139[39m
[35m[HTTP][39m [90m[39m
[35m[HTTP][39m [37m-->[39m [37mGET[39m [37m/wd/hub/session/4ab3844d-365b-40f7-86b3-da50139e8acf/window/rect[39m
[35m[HTTP][39m [90m{}[39m
[35m[HTTP][39m [37m<-- GET /wd/hub/session/4ab3844d-365b-40f7-86b3-da50139e8acf/window/rect [39m[32m200[39m [90m9 ms - 50[39m
[35m[HTTP][39m [90m[39m
[35m[HTTP][39m [37m-->[39m [37mPOST[39m [37m/wd/hub/session/4ab3844d-365b-40f7-86b3-da50139e8acf/elements[39m
[35m[HTTP][39m [90m{"using":"xpath","value":"//*[@class = 'android.widget.Button' and (@text = 'VALIDER' or . = 'VALIDER') and @resource-id = 'fr.dsquad.occazio:id/bt_stop_showcase']"}[39m
[35m[HTTP][39m [37m<-- POST /wd/hub/session/4ab3844d-365b-40f7-86b3-da50139e8acf/elements [39m[32m200[39m [90m44 ms - 139[39m
[35m[HTTP][39m [90m[39m
[35m[HTTP][39m [37m-->[39m [37mGET[39m [37m/wd/hub/session/4ab3844d-365b-40f7-86b3-da50139e8acf/element/00000000-0000-0139-ffff-ffff000000bb/location[39m
[35m[HTTP][39m [90m{}[39m
[35m[W3C (4ab3844d)][39m Driver proxy active, passing request on via HTTP proxy
[35m[WD Proxy][39m Replacing sessionId dca456b5-0b62-4938-8139-df1436f52f29 with 4ab3844d-365b-40f7-86b3-da50139e8acf
[35m[HTTP][39m [37m<-- GET /wd/hub/session/4ab3844d-365b-40f7-86b3-da50139e8acf/element/00000000-0000-0139-ffff-ffff000000bb/location [39m[32m200[39m [90m13 ms - 79[39m
[35m[HTTP][39m [90m[39m
[35m[HTTP][39m [37m-->[39m [37mPOST[39m [37m/wd/hub/session/4ab3844d-365b-40f7-86b3-da50139e8acf/element/00000000-0000-0139-ffff-ffff000000bb/click[39m
[35m[HTTP][39m [90m{"id":"00000000-0000-0139-ffff-ffff000000bb"}[39m
[35m[HTTP][39m [37m<-- POST /wd/hub/session/4ab3844d-365b-40f7-86b3-da50139e8acf/element/00000000-0000-0139-ffff-ffff000000bb/click [39m[32m200[39m [90m67 ms - 14[39m
[35m[HTTP][39m [90m[39m
[35m[HTTP][39m [37m-->[39m [37mGET[39m [37m/wd/hub/session/4ab3844d-365b-40f7-86b3-da50139e8acf/source[39m
[35m[HTTP][39m [90m{}[39m
[35m[W3C (4ab3844d)][39m Driver proxy active, passing request on via HTTP proxy
[35m[WD Proxy][39m Replacing sessionId dca456b5-0b62-4938-8139-df1436f52f29 with 4ab3844d-365b-40f7-86b3-da50139e8acf
[35m[HTTP][39m [37m<-- GET /wd/hub/session/4ab3844d-365b-40f7-86b3-da50139e8acf/source [39m[32m200[39m [90m622 ms - 10208[39m
[35m[HTTP][39m [90m[39m
[35m[HTTP][39m [37m-->[39m [37mGET[39m [37m/wd/hub/session/4ab3844d-365b-40f7-86b3-da50139e8acf/screenshot[39m
[35m[HTTP][39m [90m{}[39m
[35m[HTTP][39m [37m<-- GET /wd/hub/session/4ab3844d-365b-40f7-86b3-da50139e8acf/screenshot [39m[32m200[39m [90m288 ms - 269766[39m
[35m[HTTP][39m [90m[39m
[35m[HTTP][39m [37m-->[39m [37mPOST[39m [37m/wd/hub/session/4ab3844d-365b-40f7-86b3-da50139e8acf/elements[39m
[35m[HTTP][39m [90m{"using":"xpath","value":"//*[@class = 'android.widget.TextView' and (@text = 'Je suis là pour' or . = 'Je suis là pour') and @resource-id = 'fr.dsquad.occazio:id/tv_why_user_title']"}[39m
[35m[HTTP][39m [37m<-- POST /wd/hub/session/4ab3844d-365b-40f7-86b3-da50139e8acf/elements [39m[32m200[39m [90m104 ms - 139[39m
[35m[HTTP][39m [90m[39m
[35m[HTTP][39m [37m-->[39m [37mGET[39m [37m/wd/hub/session/4ab3844d-365b-40f7-86b3-da50139e8acf/window/rect[39m
[35m[HTTP][39m [90m{}[39m
[35m[HTTP][39m [37m<-- GET /wd/hub/session/4ab3844d-365b-40f7-86b3-da50139e8acf/window/rect [39m[32m200[39m [90m25 ms - 50[39m
[35m[HTTP][39m [90m[39m
[35m[HTTP][39m [37m-->[39m [37mPOST[39m [37m/wd/hub/session/4ab3844d-365b-40f7-86b3-da50139e8acf/elements[39m
[35m[HTTP][39m [90m{"using":"xpath","value":"//*[@class = 'android.widget.TextView' and (@text = 'Je suis là pour' or . = 'Je suis là pour') and @resource-id = 'fr.dsquad.occazio:id/tv_why_user_title']"}[39m
[35m[HTTP][39m [37m<-- POST /wd/hub/session/4ab3844d-365b-40f7-86b3-da50139e8acf/elements [39m[32m200[39m [90m127 ms - 139[39m
[35m[HTTP][39m [90m[39m
[35m[HTTP][39m [37m-->[39m [37mGET[39m [37m/wd/hub/session/4ab3844d-365b-40f7-86b3-da50139e8acf/element/00000000-0000-013a-ffff-ffff000000db/location[39m
[35m[HTTP][39m [90m{}[39m
[35m[W3C (4ab3844d)][39m Driver proxy active, passing request on via HTTP proxy
[35m[WD Proxy][39m Replacing sessionId dca456b5-0b62-4938-8139-df1436f52f29 with 4ab3844d-365b-40f7-86b3-da50139e8acf
[35m[HTTP][39m [37m<-- GET /wd/hub/session/4ab3844d-365b-40f7-86b3-da50139e8acf/element/00000000-0000-013a-ffff-ffff000000db/location [39m[32m200[39m [90m16 ms - 78[39m
[35m[HTTP][39m [90m[39m
[35m[HTTP][39m [37m-->[39m [37mPOST[39m [37m/wd/hub/session/4ab3844d-365b-40f7-86b3-da50139e8acf/element/00000000-0000-013a-ffff-ffff000000db/click[39m
[35m[HTTP][39m [90m{"id":"00000000-0000-013a-ffff-ffff000000db"}[39m
[35m[HTTP][39m [37m<-- POST /wd/hub/session/4ab3844d-365b-40f7-86b3-da50139e8acf/element/00000000-0000-013a-ffff-ffff000000db/click [39m[32m200[39m [90m52 ms - 14[39m
[35m[HTTP][39m [90m[39m
[35m[HTTP][39m [37m-->[39m [37mGET[39m [37m/wd/hub/session/4ab3844d-365b-40f7-86b3-da50139e8acf/source[39m
[35m[HTTP][39m [90m{}[39m
[35m[W3C (4ab3844d)][39m Driver proxy active, passing request on via HTTP proxy
[35m[WD Proxy][39m Replacing sessionId dca456b5-0b62-4938-8139-df1436f52f29 with 4ab3844d-365b-40f7-86b3-da50139e8acf
[35m[HTTP][39m [37m<-- GET /wd/hub/session/4ab3844d-365b-40f7-86b3-da50139e8acf/source [39m[32m200[39m [90m78 ms - 10208[39m
[35m[HTTP][39m [90m[39m
[35m[HTTP][39m [37m-->[39m [37mGET[39m [37m/wd/hub/session/4ab3844d-365b-40f7-86b3-da50139e8acf/screenshot[39m
[35m[HTTP][39m [90m{}[39m
[35m[HTTP][39m [37m<-- GET /wd/hub/session/4ab3844d-365b-40f7-86b3-da50139e8acf/screenshot [39m[32m200[39m [90m284 ms - 470456[39m
[35m[HTTP][39m [90m[39m
[35m[HTTP][39m [37m-->[39m [37mGET[39m [37m/wd/hub/session/4ab3844d-365b-40f7-86b3-da50139e8acf/source[39m
[35m[HTTP][39m [90m{}[39m
[35m[W3C (4ab3844d)][39m Driver proxy active, passing request on via HTTP proxy
[35m[WD Proxy][39m Replacing sessionId dca456b5-0b62-4938-8139-df1436f52f29 with 4ab3844d-365b-40f7-86b3-da50139e8acf
[35m[HTTP][39m [37m<-- GET /wd/hub/session/4ab3844d-365b-40f7-86b3-da50139e8acf/source [39m[32m200[39m [90m151 ms - 10208[39m
[35m[HTTP][39m [90m[39m
[35m[HTTP][39m [37m-->[39m [37mGET[39m [37m/wd/hub/session/4ab3844d-365b-40f7-86b3-da50139e8acf/screenshot[39m
[35m[HTTP][39m [90m{}[39m
[35m[HTTP][39m [37m<-- GET /wd/hub/session/4ab3844d-365b-40f7-86b3-da50139e8acf/screenshot [39m[32m200[39m [90m351 ms - 890354[39m
[35m[HTTP][39m [90m[39m
[35m[HTTP][39m [37m-->[39m [37mGET[39m [37m/wd/hub/session/4ab3844d-365b-40f7-86b3-da50139e8acf/source[39m
[35m[HTTP][39m [90m{}[39m
[35m[W3C (4ab3844d)][39m Driver proxy active, passing request on via HTTP proxy
[35m[WD Proxy][39m Replacing sessionId dca456b5-0b62-4938-8139-df1436f52f29 with 4ab3844d-365b-40f7-86b3-da50139e8acf
[35m[HTTP][39m [37m<-- GET /wd/hub/session/4ab3844d-365b-40f7-86b3-da50139e8acf/source [39m[32m200[39m [90m27 ms - 10208[39m
[35m[HTTP][39m [90m[39m
[35m[HTTP][39m [37m-->[39m [37mGET[39m [37m/wd/hub/session/4ab3844d-365b-40f7-86b3-da50139e8acf/screenshot[39m
[35m[HTTP][39m [90m{}[39m
[35m[HTTP][39m [37m<-- GET /wd/hub/session/4ab3844d-365b-40f7-86b3-da50139e8acf/screenshot [39m[32m200[39m [90m211 ms - 269766[39m
[35m[HTTP][39m [90m[39m
[35m[HTTP][39m [37m-->[39m [37mPOST[39m [37m/wd/hub/session/4ab3844d-365b-40f7-86b3-da50139e8acf/elements[39m
[35m[HTTP][39m [90m{"using":"xpath","value":"//*[@class = 'android.widget.TextView' and (@text = 'Je ne souhaite pas optimiser Occazio' or . = 'Je ne souhaite pas optimiser Occazio') and @resource-id = 'fr.dsquad.occazio:id/tv_why_skip']"}[39m
[35m[HTTP][39m [37m<-- POST /wd/hub/session/4ab3844d-365b-40f7-86b3-da50139e8acf/elements [39m[32m200[39m [90m43 ms - 139[39m
[35m[HTTP][39m [90m[39m
[35m[HTTP][39m [37m-->[39m [37mGET[39m [37m/wd/hub/session/4ab3844d-365b-40f7-86b3-da50139e8acf/window/rect[39m
[35m[HTTP][39m [90m{}[39m
[35m[HTTP][39m [37m<-- GET /wd/hub/session/4ab3844d-365b-40f7-86b3-da50139e8acf/window/rect [39m[32m200[39m [90m8 ms - 50[39m
[35m[HTTP][39m [90m[39m
[35m[HTTP][39m [37m-->[39m [37mPOST[39m [37m/wd/hub/session/4ab3844d-365b-40f7-86b3-da50139e8acf/elements[39m
[35m[HTTP][39m [90m{"using":"xpath","value":"//*[@class = 'android.widget.TextView' and (@text = 'Je ne souhaite pas optimiser Occazio' or . = 'Je ne souhaite pas optimiser Occazio') and @resource-id = 'fr.dsquad.occazio:id/tv_why_skip']"}[39m
[35m[HTTP][39m [37m<-- POST /wd/hub/session/4ab3844d-365b-40f7-86b3-da50139e8acf/elements [39m[32m200[39m [90m46 ms - 139[39m
[35m[HTTP][39m [90m[39m
[35m[HTTP][39m [37m-->[39m [37mGET[39m [37m/wd/hub/session/4ab3844d-365b-40f7-86b3-da50139e8acf/element/00000000-0000-013a-ffff-ffff000000ed/location[39m
[35m[HTTP][39m [90m{}[39m
[35m[W3C (4ab3844d)][39m Driver proxy active, passing request on via HTTP proxy
[35m[WD Proxy][39m Replacing sessionId dca456b5-0b62-4938-8139-df1436f52f29 with 4ab3844d-365b-40f7-86b3-da50139e8acf
[35m[HTTP][39m [37m<-- GET /wd/hub/session/4ab3844d-365b-40f7-86b3-da50139e8acf/element/00000000-0000-013a-ffff-ffff000000ed/location [39m[32m200[39m [90m64 ms - 79[39m
[35m[HTTP][39m [90m[39m
[35m[HTTP][39m [37m-->[39m [37mPOST[39m [37m/wd/hub/session/4ab3844d-365b-40f7-86b3-da50139e8acf/element/00000000-0000-013a-ffff-ffff000000ed/click[39m
[35m[HTTP][39m [90m{"id":"00000000-0000-013a-ffff-ffff000000ed"}[39m
[35m[HTTP][39m [37m<-- POST /wd/hub/session/4ab3844d-365b-40f7-86b3-da50139e8acf/element/00000000-0000-013a-ffff-ffff000000ed/click [39m[32m200[39m [90m163 ms - 14[39m
[35m[HTTP][39m [90m[39m
[35m[HTTP][39m [37m-->[39m [37mGET[39m [37m/wd/hub/session/4ab3844d-365b-40f7-86b3-da50139e8acf/source[39m
[35m[HTTP][39m [90m{}[39m
[35m[W3C (4ab3844d)][39m Driver proxy active, passing request on via HTTP proxy
[35m[WD Proxy][39m Replacing sessionId dca456b5-0b62-4938-8139-df1436f52f29 with 4ab3844d-365b-40f7-86b3-da50139e8acf
[35m[HTTP][39m [37m<-- GET /wd/hub/session/4ab3844d-365b-40f7-86b3-da50139e8acf/source [39m[32m200[39m [90m421 ms - 27616[39m
[35m[HTTP][39m [90m[39m
[35m[HTTP][39m [37m-->[39m [37mGET[39m [37m/wd/hub/session/4ab3844d-365b-40f7-86b3-da50139e8acf/screenshot[39m
[35m[HTTP][39m [90m{}[39m
[35m[HTTP][39m [37m<-- GET /wd/hub/session/4ab3844d-365b-40f7-86b3-da50139e8acf/screenshot [39m[32m200[39m [90m257 ms - 632704[39m
[35m[HTTP][39m [90m[39m
[35m[HTTP][39m [37m-->[39m [37mPOST[39m [37m/wd/hub/session/4ab3844d-365b-40f7-86b3-da50139e8acf/elements[39m
[35m[HTTP][39m [90m{"using":"xpath","value":"//*[@class = 'android.widget.ImageView' and (@text = '' or . = '')]"}[39m
[35m[HTTP][39m [37m<-- POST /wd/hub/session/4ab3844d-365b-40f7-86b3-da50139e8acf/elements [39m[32m200[39m [90m52 ms - 1547[39m
[35m[HTTP][39m [90m[39m
[35m[HTTP][39m [37m-->[39m [37mPOST[39m [37m/wd/hub/session/4ab3844d-365b-40f7-86b3-da50139e8acf/elements[39m
[35m[HTTP][39m [90m{"using":"-android uiautomator","value":"new UiSelector().className(\"android.widget.ImageView\")"}[39m
[35m[HTTP][39m [37m<-- POST /wd/hub/session/4ab3844d-365b-40f7-86b3-da50139e8acf/elements [39m[32m200[39m [90m103 ms - 1547[39m
[35m[HTTP][39m [90m[39m
[35m[HTTP][39m [37m-->[39m [37mGET[39m [37m/wd/hub/session/4ab3844d-365b-40f7-86b3-da50139e8acf/window/rect[39m
[35m[HTTP][39m [90m{}[39m
[35m[HTTP][39m [37m<-- GET /wd/hub/session/4ab3844d-365b-40f7-86b3-da50139e8acf/window/rect [39m[32m200[39m [90m10 ms - 50[39m
[35m[HTTP][39m [90m[39m
[35m[HTTP][39m [37m-->[39m [37mPOST[39m [37m/wd/hub/session/4ab3844d-365b-40f7-86b3-da50139e8acf/elements[39m
[35m[HTTP][39m [90m{"using":"xpath","value":"//hierarchy/android.widget.FrameLayout[1]/android.widget.LinearLayout[1]/android.widget.FrameLayout[1]/android.widget.LinearLayout[1]/android.widget.FrameLayout[1]/android.view.ViewGroup[1]/android.widget.FrameLayout[1]/android.widget.FrameLayout[1]/android.view.ViewGroup[1]/android.view.ViewGroup[1]/android.widget.ImageView[2]"}[39m
[35m[HTTP][39m [37m<-- POST /wd/hub/session/4ab3844d-365b-40f7-86b3-da50139e8acf/elements [39m[32m200[39m [90m38 ms - 139[39m
[35m[HTTP][39m [90m[39m
[35m[HTTP][39m [37m-->[39m [37mGET[39m [37m/wd/hub/session/4ab3844d-365b-40f7-86b3-da50139e8acf/element/00000000-0000-0139-ffff-ffff000000d6/location[39m
[35m[HTTP][39m [90m{}[39m
[35m[W3C (4ab3844d)][39m Driver proxy active, passing request on via HTTP proxy
[35m[WD Proxy][39m Replacing sessionId dca456b5-0b62-4938-8139-df1436f52f29 with 4ab3844d-365b-40f7-86b3-da50139e8acf
[35m[HTTP][39m [37m<-- GET /wd/hub/session/4ab3844d-365b-40f7-86b3-da50139e8acf/element/00000000-0000-0139-ffff-ffff000000d6/location [39m[32m200[39m [90m13 ms - 78[39m
[35m[HTTP][39m [90m[39m
[35m[HTTP][39m [37m-->[39m [37mPOST[39m [37m/wd/hub/session/4ab3844d-365b-40f7-86b3-da50139e8acf/element/00000000-0000-0139-ffff-ffff000000d6/click[39m
[35m[HTTP][39m [90m{"id":"00000000-0000-0139-ffff-ffff000000d6"}[39m
[35m[HTTP][39m [37m<-- POST /wd/hub/session/4ab3844d-365b-40f7-86b3-da50139e8acf/element/00000000-0000-0139-ffff-ffff000000d6/click [39m[32m200[39m [90m54 ms - 14[39m
[35m[HTTP][39m [90m[39m
[35m[HTTP][39m [37m-->[39m [37mGET[39m [37m/wd/hub/session/4ab3844d-365b-40f7-86b3-da50139e8acf/source[39m
[35m[HTTP][39m [90m{}[39m
[35m[W3C (4ab3844d)][39m Driver proxy active, passing request on via HTTP proxy
[35m[WD Proxy][39m Replacing sessionId dca456b5-0b62-4938-8139-df1436f52f29 with 4ab3844d-365b-40f7-86b3-da50139e8acf
[35m[HTTP][39m [37m<-- GET /wd/hub/session/4ab3844d-365b-40f7-86b3-da50139e8acf/source [39m[32m200[39m [90m168 ms - 25493[39m
[35m[HTTP][39m [90m[39m
[35m[HTTP][39m [37m-->[39m [37mGET[39m [37m/wd/hub/session/4ab3844d-365b-40f7-86b3-da50139e8acf/screenshot[39m
[35m[HTTP][39m [90m{}[39m
[35m[HTTP][39m [37m<-- GET /wd/hub/session/4ab3844d-365b-40f7-86b3-da50139e8acf/screenshot [39m[32m200[39m [90m363 ms - 422362[39m
[35m[HTTP][39m [90m[39m
[35m[HTTP][39m [37m-->[39m [37mDELETE[39m [37m/wd/hub/session/4ab3844d-365b-40f7-86b3-da50139e8acf[39m
[35m[HTTP][39m [90m{}[39m
[35m[Appium][39m Removing session 4ab3844d-365b-40f7-86b3-da50139e8acf from our master session list
[35m[UiAutomator2][39m Restoring hidden api policy to the device default configuration
[35m[HTTP][39m [37m<-- DELETE /wd/hub/session/4ab3844d-365b-40f7-86b3-da50139e8acf [39m[32m200[39m [90m414 ms - 14[39m
[35m[HTTP][39m [90m[39m
